Determining if the pthread_create exist failed with the following output:
Change Dir: /home/bo/dev/REMUS/build/CMakeFiles/CMakeTmp

Run Build Command:/usr/bin/make "cmTryCompileExec1865956532/fast"
/usr/bin/make -f CMakeFiles/cmTryCompileExec1865956532.dir/build.make CMakeFiles/cmTryCompileExec1865956532.dir/build
make[1]: Entering directory `/home/bo/dev/REMUS/build/CMakeFiles/CMakeTmp'
/usr/bin/cmake -E cmake_progress_report /home/bo/dev/REMUS/build/CMakeFiles/CMakeTmp/CMakeFiles 1
Building C object CMakeFiles/cmTryCompileExec1865956532.dir/CheckSymbolExists.c.o
/usr/bin/cc    -o CMakeFiles/cmTryCompileExec1865956532.dir/CheckSymbolExists.c.o   -c /home/bo/dev/REMUS/build/CMakeFiles/CMakeTmp/CheckSymbolExists.c
Linking C executable cmTryCompileExec1865956532
/usr/bin/cmake -E cmake_link_script CMakeFiles/cmTryCompileExec1865956532.dir/link.txt --verbose=1
/usr/bin/cc       CMakeFiles/cmTryCompileExec1865956532.dir/CheckSymbolExists.c.o  -o cmTryCompileExec1865956532 -rdynamic 
CMakeFiles/cmTryCompileExec1865956532.dir/CheckSymbolExists.c.o: In function `main':
CheckSymbolExists.c:(.text+0x16): undefined reference to `pthread_create'
collect2: error: ld returned 1 exit status
make[1]: *** [cmTryCompileExec1865956532] Error 1
make[1]: Leaving directory `/home/bo/dev/REMUS/build/CMakeFiles/CMakeTmp'
make: *** [cmTryCompileExec1865956532/fast] Error 2

File /home/bo/dev/REMUS/build/CMakeFiles/CMakeTmp/CheckSymbolExists.c:
/* */
#include <pthread.h>

int main(int argc, char** argv)
{
  (void)argv;
#ifndef pthread_create
  return ((int*)(&pthread_create))[argc];
#else
  (void)argc;
  return 0;
#endif
}

Determining if the function pthread_create exists in the pthreads failed with the following output:
Change Dir: /home/bo/dev/REMUS/build/CMakeFiles/CMakeTmp

Run Build Command:/usr/bin/make "cmTryCompileExec3847750791/fast"
/usr/bin/make -f CMakeFiles/cmTryCompileExec3847750791.dir/build.make CMakeFiles/cmTryCompileExec3847750791.dir/build
make[1]: Entering directory `/home/bo/dev/REMUS/build/CMakeFiles/CMakeTmp'
/usr/bin/cmake -E cmake_progress_report /home/bo/dev/REMUS/build/CMakeFiles/CMakeTmp/CMakeFiles 1
Building C object CMakeFiles/cmTryCompileExec3847750791.dir/CheckFunctionExists.c.o
/usr/bin/cc   -DCHECK_FUNCTION_EXISTS=pthread_create   -o CMakeFiles/cmTryCompileExec3847750791.dir/CheckFunctionExists.c.o   -c /usr/share/cmake-2.8/Modules/CheckFunctionExists.c
Linking C executable cmTryCompileExec3847750791
/usr/bin/cmake -E cmake_link_script CMakeFiles/cmTryCompileExec3847750791.dir/link.txt --verbose=1
/usr/bin/cc   -DCHECK_FUNCTION_EXISTS=pthread_create    CMakeFiles/cmTryCompileExec3847750791.dir/CheckFunctionExists.c.o  -o cmTryCompileExec3847750791 -rdynamic -lpthreads 
/usr/bin/ld: cannot find -lpthreads
collect2: error: ld returned 1 exit status
make[1]: *** [cmTryCompileExec3847750791] Error 1
make[1]: Leaving directory `/home/bo/dev/REMUS/build/CMakeFiles/CMakeTmp'
make: *** [cmTryCompileExec3847750791/fast] Error 2


Determining if the pthread_create exist failed with the following output:
Change Dir: /home/bo/dev/REMUS/build/CMakeFiles/CMakeTmp

Run Build Command:/usr/bin/make "cmTryCompileExec3034051645/fast"
/usr/bin/make -f CMakeFiles/cmTryCompileExec3034051645.dir/build.make CMakeFiles/cmTryCompileExec3034051645.dir/build
make[1]: Entering directory `/home/bo/dev/REMUS/build/CMakeFiles/CMakeTmp'
/usr/bin/cmake -E cmake_progress_report /home/bo/dev/REMUS/build/CMakeFiles/CMakeTmp/CMakeFiles 1
Building C object CMakeFiles/cmTryCompileExec3034051645.dir/CheckSymbolExists.c.o
/usr/bin/cc    -o CMakeFiles/cmTryCompileExec3034051645.dir/CheckSymbolExists.c.o   -c /home/bo/dev/REMUS/build/CMakeFiles/CMakeTmp/CheckSymbolExists.c
Linking C executable cmTryCompileExec3034051645
/usr/bin/cmake -E cmake_link_script CMakeFiles/cmTryCompileExec3034051645.dir/link.txt --verbose=1
/usr/bin/cc       CMakeFiles/cmTryCompileExec3034051645.dir/CheckSymbolExists.c.o  -o cmTryCompileExec3034051645 -rdynamic 
CMakeFiles/cmTryCompileExec3034051645.dir/CheckSymbolExists.c.o: In function `main':
CheckSymbolExists.c:(.text+0x16): undefined reference to `pthread_create'
collect2: error: ld returned 1 exit status
make[1]: *** [cmTryCompileExec3034051645] Error 1
make[1]: Leaving directory `/home/bo/dev/REMUS/build/CMakeFiles/CMakeTmp'
make: *** [cmTryCompileExec3034051645/fast] Error 2

File /home/bo/dev/REMUS/build/CMakeFiles/CMakeTmp/CheckSymbolExists.c:
/* */
#include <pthread.h>

int main(int argc, char** argv)
{
  (void)argv;
#ifndef pthread_create
  return ((int*)(&pthread_create))[argc];
#else
  (void)argc;
  return 0;
#endif
}

Determining if the function pthread_create exists in the pthreads failed with the following output:
Change Dir: /home/bo/dev/REMUS/build/CMakeFiles/CMakeTmp

Run Build Command:/usr/bin/make "cmTryCompileExec4247087763/fast"
/usr/bin/make -f CMakeFiles/cmTryCompileExec4247087763.dir/build.make CMakeFiles/cmTryCompileExec4247087763.dir/build
make[1]: Entering directory `/home/bo/dev/REMUS/build/CMakeFiles/CMakeTmp'
/usr/bin/cmake -E cmake_progress_report /home/bo/dev/REMUS/build/CMakeFiles/CMakeTmp/CMakeFiles 1
Building C object CMakeFiles/cmTryCompileExec4247087763.dir/CheckFunctionExists.c.o
/usr/bin/cc   -DCHECK_FUNCTION_EXISTS=pthread_create   -o CMakeFiles/cmTryCompileExec4247087763.dir/CheckFunctionExists.c.o   -c /usr/share/cmake-2.8/Modules/CheckFunctionExists.c
Linking C executable cmTryCompileExec4247087763
/usr/bin/cmake -E cmake_link_script CMakeFiles/cmTryCompileExec4247087763.dir/link.txt --verbose=1
/usr/bin/cc   -DCHECK_FUNCTION_EXISTS=pthread_create    CMakeFiles/cmTryCompileExec4247087763.dir/CheckFunctionExists.c.o  -o cmTryCompileExec4247087763 -rdynamic -lpthreads 
/usr/bin/ld: cannot find -lpthreads
collect2: error: ld returned 1 exit status
make[1]: *** [cmTryCompileExec4247087763] Error 1
make[1]: Leaving directory `/home/bo/dev/REMUS/build/CMakeFiles/CMakeTmp'
make: *** [cmTryCompileExec4247087763/fast] Error 2


